
Call graph (*** = already visited):

  Uncalled:
  0 SysTick_Handler [40]
    8 xPortSysTickHandler [32]
      16 xTaskIncrementTick [24]
        40 prvResetNextTaskUnblockTime (tasks.o) [0]
        40 uxListRemove [0]
        40 vListInsertEnd [0]
    8 xTaskGetSchedulerState [0]

  Uncalled:
  0 USART2_IRQHandler [24]
    8 USART_ClearFlag [0]
    8 USART_GetITStatus [16]
      24 - [0]
    8 USART_ReceiveData [0]
    8 USART_SendData [0]

  Uncalled:
  0 float_task(void *) [368]
    8 Dprintf [360]
      32 vprintf [336]
        48 _PrintfFullNoMb [320]
          200 _Prout [16]
            216 putchar [0]
              216 fputc [0]
          200 _PutfldFullNoMb (xprintffull_nomb.o(dl7M_tlf.a)) [168]
            216 LoadInt (xprintffull_nomb.o(dl7M_tlf.a)) [0]
            216 _LitobFullNoMb (xprintffull_nomb.o(dl7M_tlf.a)) [40]
              256 __aeabi_uldivmod [0]
                256 __aeabi_ldiv0 [0]
            216 _LdtobFullNoMb (xprintffull_nomb.o(dl7M_tlf.a)) [152]
              312 scale (xprintffull_nomb.o(dl7M_tlf.a)) [40]
                336 __aeabi_dmul [16]
                  352 - [0]
              312 _GenldFullNoMb (xprintffull_nomb.o(dl7M_tlf.a)) [56]
                360 __aeabi_memcpy [8]
                  360 __aeabi_memcpy4 [8]
                    368 - [0]
                360 localeconv [0]
              312 __aeabi_cdcmple [0]
              312 __aeabi_cdrcmple [0]
              312 __aeabi_d2iz [0]
              312 __aeabi_d2uiz [0]
              312 __aeabi_ddiv [20]
                332 - [0]
              312 __aeabi_dmul [16] ***
              312 __aeabi_dsub [24]
                324 __iar_dadd [12]
                  336 - [0]
                324 __iar_dsub [12]
                  336 - [0]
              312 __aeabi_i2d [0]
              312 __aeabi_memcpy [8] ***
              312 __aeabi_ui2d [0]
              312 __iar_softfp_frexp [8]
                320 __iar_frexp [0]
              312 ldexp [0]
            216 __iar_Fail_s [16]
              224 abort [8]
                224 __exit [8]
                  232 - [0]
            216 memchr [0]
            216 strlen [0]
          200 _PuttxtFullNoMb (xprintffull_nomb.o(dl7M_tlf.a)) [72]
            232 _PutcharsFullNoMb (xprintffull_nomb.o(dl7M_tlf.a)) [40]
              256 _Prout [16] ***
          200 strchr [0]
    8 vTaskDelay [56]
      24 vTaskSuspendAll [0]
      24 xTaskResumeAll [40]
        40 xTaskIncrementTick [24] ***
        40 prvResetNextTaskUnblockTime (tasks.o) [0] ***
        40 uxListRemove [0] ***
        40 vListInsertEnd [0] ***
        40 vPortEnterCritical [0]
        40 vPortExitCritical [0]
      24 prvAddCurrentTaskToDelayedList (tasks.o) [28]
        48 uxListRemove [0] ***
        48 vListInsert [4]
          52 - [0]
        48 vListInsertEnd [0] ***

  Uncalled:
  0 start_task(void *) [136]
    16 vPortEnterCritical [0] ***
    16 vPortExitCritical [0] ***
    16 vTaskDelete [80]
      32 prvDeleteTCB (tasks.o) [64]
        40 vPortFree [56]
          56 prvInsertBlockIntoFreeList (heap_4.o) [8]
            64 - [0]
          56 vTaskSuspendAll [0] ***
          56 xTaskResumeAll [40] ***
      32 prvResetNextTaskUnblockTime (tasks.o) [0] ***
      32 uxListRemove [0] ***
      32 vListInsertEnd [0] ***
      32 vPortEnterCritical [0] ***
      32 vPortExitCritical [0] ***
    16 xTaskCreate [120]
      72 prvInitialiseNewTask (tasks.o) [56]
        120 __iar_Memset [8]
          120 __iar_Memset_word [8]
            128 - [0]
        120 pxPortInitialiseStack [0]
        120 vListInitialiseItem [0]
      72 prvAddNewTaskToReadyList (tasks.o) [16]
        80 prvInitialiseTaskLists (tasks.o) [8]
          88 vListInitialise [0]
        80 vListInsertEnd [0] ***
        80 vPortEnterCritical [0] ***
        80 vPortExitCritical [0] ***
      72 pvPortMalloc [64]
        96 prvHeapInit (heap_4.o) [4]
          100 - [0]
        96 prvInsertBlockIntoFreeList (heap_4.o) [8] ***
        96 vTaskSuspendAll [0] ***
        96 xTaskResumeAll [40] ***
      72 vPortFree [56] ***
    16 xTaskCreate [120] ***
    16 xTaskCreate [120] ***
    16 xTaskCreate [120] ***

  Uncalled:
  0 connect_task(void *) [512]
    24 CNetManagement::Agreement() [488]
      40 CUartProtocol::Ret_ReceBuf() [0]
      40 CUartProtocol::Agreement() [472]
        48 CUartProtocol::ReceiveCheck(RECEIVE_FRAME *) [0]
        48 CUartProtocol::TestReturnInfo(RECEIVE_FRAME *) [464]
          64 CUartProtocol::SendFrame(unsigned short, unsigned char *, unsigned char) [448]
            96 CUartProtocol::ComSend() [416]
              104 CNetManagement::ComSend() [408]
                120 CUartProtocol::Ret_SendBuf() [0]
                120 IUarts::SendData(NetPackageStruct_t *) [392]
                  152 Dprintf [360] ***
                  152 USART_SendData [0] ***
                  152 __aeabi_memcpy [8] ***
            96 __aeabi_memcpy [8] ***
      40 IUarts::ReceData(NetPackageStruct_t *) [392]
        72 Dprintf [360] ***
        72 __aeabi_memcpy [8] ***
    24 Dprintf [360] ***
    24 CUartProtocol::CUartProtocol() [16]
      32 CSuperAppInterface::CSuperAppInterface() [subobject] [8]
        40 CSuperAppInterface::CSuperAppInterface() [0]
    24 CNetManagement::CNetManagement(NetParaType_t *, CSuperAppInterface *, CSuperNetInterface *) [444]
      48 CNetManagement::Config(NetParaType_t *) [420]
        64 CUartProtocol::Init(CNetManagement *, void *) [404]
          88 std::map<void *, CUartProtocol *, std::less<void *>, std::allocator<std::pair<void *const , CUartProtocol *>>>::operator [](void *const &) [380]
            128 std::less<void *>::operator ()(void *const &, void *const &) const [0]
            128 std::tuple<void *const & &&...> std::forward_as_tuple<void *const &>(void *const & &&...) [48]
              144 void *const & && std::forward<void *const &>(std::remove_reference<void *const &>::type &) [0]
              144 std::tuple<void *const &>::tuple(void *const &) [32]
                160 std::_Tuple_val<void *const &>::_Tuple_val<void *const &>(void *const & &&) [16]
                  176 void *const & && std::forward<void *const &>(std::remove_reference<void *const &>::type &) [0] ***
            128 std::_Tree_unchecked_const_iterator<std::_Tree_val<std::_Tree_simple_types<std::pair<void *const , CUartProtocol *>>>, std::_Iterator_base0>::_Mynode() const [0]
            128 std::_Tree_const_iterator<std::_Tree_val<std::_Tree_simple_types<std::pair<void *const , CUartProtocol *>>>>::operator ==(const std::_Tree_const_iterator<std::_Tree_val<std::_Tree_simple_types<std::pair<void *const , CUartProtocol *>>>>&) const [0]
            128 std::_Tree_iterator<std::_Tree_val<std::_Tree_simple_types<std::pair<void *const , CUartProtocol *>>>>::operator ->() const [24]
              136 std::pointer_traits<std::pair<void *const , CUartProtocol *> *>::pointer_to(std::pair<void *const , CUartProtocol *> &) [16]
                144 std::pair<void *const , CUartProtocol *> * std::addressof<std::pair<void *const , CUartProtocol *>>(std::pair<void *const , CUartProtocol *> &) [8]
                  152 std::pair<void *const , CUartProtocol *> * std::_Addressof<std::pair<void *const , CUartProtocol *>>(std::pair<void *const , CUartProtocol *> &, std::integral_constant<bool, (bool)0>) [0]
              136 std::_Tree_iterator<std::_Tree_val<std::_Tree_simple_types<std::pair<void *const , CUartProtocol *>>>>::operator *() const [16]
                144 std::_Tree_const_iterator<std::_Tree_val<std::_Tree_simple_types<std::pair<void *const , CUartProtocol *>>>>::operator *() const [8]
                  152 std::_Tree_val<std::_Tree_simple_types<std::pair<void *const , CUartProtocol *>>>::_Myval(std::_Tree_node<std::pair<void *const , CUartProtocol *>, void *> *) [0]
            128 std::_Tree_comp_alloc<std::_Tmap_traits<void *, CUartProtocol *, std::less<void *>, std::allocator<std::pair<void *const , CUartProtocol *>>, (bool)0>>::_Getcomp() [8]
              136 std::_Compressed_pair<std::less<void *>, std::_Compressed_pair<std::_Wrap_alloc<std::allocator<std::_Tree_node<std::pair<void *const , CUartProtocol *>, void *>>>, std::_Tree_val<std::_Tree_simple_types<std::pair<void *const , CUartProtocol *>>>, (bool)1>, (bool)1>::_Get_first() [0]
            128 std::_Tree_iterator<std::_Tree_val<std::_Tree_simple_types<std::pair<void *const , CUartProtocol *>>>> std::_Tree<std::_Tmap_traits<void *, CUartProtocol *, std::less<void *>, std::allocator<std::pair<void *const , CUartProtocol *>>, (bool)0>>::emplace_hint<std::piecewise_construct_t const &, std::tuple<void *const &>, std::tuple<>>(std::_Tree_const_iterator<std::_Tree_val<std::_Tree_simple_types<std::pair<void *const , CUartProtocol *>>>>, std::piecewise_construct_t const &, std::tuple<void *const &>, std::tuple<> &&...) [340]
              160 std::piecewise_construct_t const & && std::forward<std::piecewise_construct_t const &>(std::remove_reference<std::piecewise_construct_t const &>::type &) [0]
              160 std::tuple<void *const &> && std::forward<std::tuple<void *const &>>(std::remove_reference<std::tuple<void *const &>>::type &) [0]
              160 std::tuple<> && std::forward<std::tuple<>>(std::remove_reference<std::tuple<>>::type &) [0]
              160 std::_Tree_comp_alloc<std::_Tmap_traits<void *, CUartProtocol *, std::less<void *>, std::allocator<std::pair<void *const , CUartProtocol *>>, (bool)0>>::_Myval(std::_Tree_node<std::pair<void *const , CUartProtocol *>, void *> *) [8]
                168 std::_Tree_val<std::_Tree_simple_types<std::pair<void *const , CUartProtocol *>>>::_Myval(std::_Tree_node<std::pair<void *const , CUartProtocol *>, void *> *) [0] ***
              160 std::_Tree_node<std::pair<void *const , CUartProtocol *>, void *> * std::_Tree_comp_alloc<std::_Tmap_traits<void *, CUartProtocol *, std::less<void *>, std::allocator<std::pair<void *const , CUartProtocol *>>, (bool)0>>::_Buynode<std::piecewise_construct_t const &, std::tuple<void *const &>, std::tuple<>>(std::piecewise_construct_t const &, std::tuple<void *const &>, std::tuple<> &&...) [256]
                208 std::pair<void *const , CUartProtocol *> * std::addressof<std::pair<void *const , CUartProtocol *>>(std::pair<void *const , CUartProtocol *> &) [8] ***
                208 std::piecewise_construct_t const & && std::forward<std::piecewise_construct_t const &>(std::remove_reference<std::piecewise_construct_t const &>::type &) [0] ***
                208 std::tuple<void *const &> && std::forward<std::tuple<void *const &>>(std::remove_reference<std::tuple<void *const &>>::type &) [0] ***
                208 std::tuple<> && std::forward<std::tuple<>>(std::remove_reference<std::tuple<>>::type &) [0] ***
                208 void std::_Wrap_alloc<std::allocator<std::_Tree_node<std::pair<void *const , CUartProtocol *>, void *>>>::construct<std::pair<void *const , CUartProtocol *>, std::piecewise_construct_t const &, std::tuple<void *const &>, std::tuple<>>(std::pair<void *const , CUartProtocol *> *, std::piecewise_construct_t const &, std::tuple<void *const &>, std::tuple<> &&...) [184]
                  248 std::piecewise_construct_t const & && std::forward<std::piecewise_construct_t const &>(std::remove_reference<std::piecewise_construct_t const &>::type &) [0] ***
                  248 std::tuple<void *const &> && std::forward<std::tuple<void *const &>>(std::remove_reference<std::tuple<void *const &>>::type &) [0] ***
                  248 std::tuple<> && std::forward<std::tuple<>>(std::remove_reference<std::tuple<>>::type &) [0] ***
                  248 void std::allocator_traits<std::allocator<std::_Tree_node<std::pair<void *const , CUartProtocol *>, void *>>>::construct<std::pair<void *const , CUartProtocol *>, std::piecewise_construct_t const &, std::tuple<void *const &>, std::tuple<>>(std::allocator<std::_Tree_node<std::pair<void *const , CUartProtocol *>, void *>>&, std::pair<void *const , CUartProtocol *> *, std::piecewise_construct_t const &, std::tuple<void *const &>, std::tuple<> &&...) [144]
                    288 std::piecewise_construct_t const & && std::forward<std::piecewise_construct_t const &>(std::remove_reference<std::piecewise_construct_t const &>::type &) [0] ***
                    288 std::tuple<void *const &> && std::forward<std::tuple<void *const &>>(std::remove_reference<std::tuple<void *const &>>::type &) [0] ***
                    288 std::tuple<> && std::forward<std::tuple<>>(std::remove_reference<std::tuple<>>::type &) [0] ***
                    288 void std::allocator<std::_Tree_node<std::pair<void *const , CUartProtocol *>, void *>>::construct<std::pair<void *const , CUartProtocol *>, std::piecewise_construct_t const &, std::tuple<void *const &>, std::tuple<>>(std::pair<void *const , CUartProtocol *> *, std::piecewise_construct_t const &, std::tuple<void *const &>, std::tuple<> &&...) [104]
                      336 std::piecewise_construct_t const & && std::forward<std::piecewise_construct_t const &>(std::remove_reference<std::piecewise_construct_t const &>::type &) [0] ***
                      336 std::tuple<void *const &> && std::forward<std::tuple<void *const &>>(std::remove_reference<std::tuple<void *const &>>::type &) [0] ***
                      336 std::tuple<> && std::forward<std::tuple<>>(std::remove_reference<std::tuple<>>::type &) [0] ***
                      336 std::pair<void *const , CUartProtocol *>::pair<void *const &, >(std::piecewise_construct_t, std::tuple<void *const &...>, std::tuple<...>) [56]
                        368 std::pair<void *const , CUartProtocol *>::pair<std::tuple<void *const &>, std::tuple<>, (unsigned int)0, >(std::tuple<void *const &> &, std::tuple<> &, std::integer_sequence<unsigned int, (unsigned int)0>, std::integer_sequence<unsigned int, >) [24]
                          384 std::remove_reference<std::tuple<void *const &> &>::type && std::move<std::tuple<void *const &> &>(std::tuple<void *const &> & &&) [0]
                          384 std::tuple_element<(unsigned int)0, std::tuple<void *const &...>>::type && std::get<(unsigned int)0, void *const &>(std::tuple<void *const &...> &&) [8]
                            392 void *const & && std::forward<void *const &>(std::remove_reference<void *const &>::type &) [0] ***
                      336 operator new (unsigned int, void *) [0]
                      336 std::tuple<>::tuple(const std::tuple<>&) [0]
                      336 std::tuple<void *const &>::tuple(std::tuple<void *const &>&&) [0]
                208 std::_Tree_comp_alloc<std::_Tmap_traits<void *, CUartProtocol *, std::less<void *>, std::allocator<std::pair<void *const , CUartProtocol *>>, (bool)0>>::_Color(std::_Tree_node<std::pair<void *const , CUartProtocol *>, void *> *) [8]
                  216 std::_Tree_val<std::_Tree_simple_types<std::pair<void *const , CUartProtocol *>>>::_Color(std::_Tree_node<std::pair<void *const , CUartProtocol *>, void *> *) [0]
                208 std::_Tree_comp_alloc<std::_Tmap_traits<void *, CUartProtocol *, std::less<void *>, std::allocator<std::pair<void *const , CUartProtocol *>>, (bool)0>>::_Isnil(std::_Tree_node<std::pair<void *const , CUartProtocol *>, void *> *) [8]
                  216 std::_Tree_val<std::_Tree_simple_types<std::pair<void *const , CUartProtocol *>>>::_Isnil(std::_Tree_node<std::pair<void *const , CUartProtocol *>, void *> *) [0]
                208 std::_Tree_comp_alloc<std::_Tmap_traits<void *, CUartProtocol *, std::less<void *>, std::allocator<std::pair<void *const , CUartProtocol *>>, (bool)0>>::_Myval(std::_Tree_node<std::pair<void *const , CUartProtocol *>, void *> *) [8] ***
                208 std::_Tree_comp_alloc<std::_Tmap_traits<void *, CUartProtocol *, std::less<void *>, std::allocator<std::pair<void *const , CUartProtocol *>>, (bool)0>>::_Buynode0() [208]
                  224 std::_Tree_node<std::pair<void *const , CUartProtocol *>, void *> * * std::addressof<std::_Tree_node<std::pair<void *const , CUartProtocol *>, void *> *>(std::_Tree_node<std::pair<void *const , CUartProtocol *>, void *> * &) [8]
                    232 std::_Tree_node<std::pair<void *const , CUartProtocol *>, void *> * * std::_Addressof<std::_Tree_node<std::pair<void *const , CUartProtocol *>, void *> *>(std::_Tree_node<std::pair<void *const , CUartProtocol *>, void *> * &, std::integral_constant<bool, (bool)0>) [0]
                  224 operator new (unsigned int, void *) [0] ***
                  224 std::_Wrap_alloc<std::allocator<std::_Tree_node<std::pair<void *const , CUartProtocol *>, void *>>>::allocate(unsigned int) [192]
                    240 std::allocator<std::_Tree_node<std::pair<void *const , CUartProtocol *>, void *>>::allocate(unsigned int) [176]
                      256 std::_Tree_node<std::pair<void *const , CUartProtocol *>, void *> * std::_Allocate<std::_Tree_node<std::pair<void *const , CUartProtocol *>, void *>>(unsigned int, std::_Tree_node<std::pair<void *const , CUartProtocol *>, void *> *, bool) [160]
                        280 operator new (unsigned int) [136]
                          288 std::_NomemoryNothrow() [8]
                            288 abort [8] ***
                          288 __iar_dlmalloc [128]
                            336 sys_alloc (dlmalloc.o(dl7M_tlf.a)) [80]
                              360 init_mparams (dlmalloc.o(dl7M_tlf.a)) [0]
                              360 init_top (dlmalloc.o(dl7M_tlf.a)) [0]
                              336 prepend_alloc (dlmalloc.o(dl7M_tlf.a)) [48]
                                376 abort [8] ***
                              360 add_segment (dlmalloc.o(dl7M_tlf.a)) [56]
                                408 segment_holding (dlmalloc.o(dl7M_tlf.a)) [4]
                                  412 - [0]
                                408 init_top (dlmalloc.o(dl7M_tlf.a)) [0] ***
                                408 abort [8] ***
                              360 __data_GetMemChunk [0]
                            336 tmalloc_large (dlmalloc.o(dl7M_tlf.a)) [48]
                              376 abort [8] ***
                            336 tmalloc_small (dlmalloc.o(dl7M_tlf.a)) [48]
                              376 abort [8] ***
                            336 abort [8] ***
                        280 abort [8] ***
                  224 std::_Tree_comp_alloc<std::_Tmap_traits<void *, CUartProtocol *, std::less<void *>, std::allocator<std::pair<void *const , CUartProtocol *>>, (bool)0>>::_Left(std::_Tree_node<std::pair<void *const , CUartProtocol *>, void *> *) [8]
                    232 std::_Tree_val<std::_Tree_simple_types<std::pair<void *const , CUartProtocol *>>>::_Left(std::_Tree_node<std::pair<void *const , CUartProtocol *>, void *> *) [0]
                  224 std::_Tree_comp_alloc<std::_Tmap_traits<void *, CUartProtocol *, std::less<void *>, std::allocator<std::pair<void *const , CUartProtocol *>>, (bool)0>>::_Parent(std::_Tree_node<std::pair<void *const , CUartProtocol *>, void *> *) [8]
                    232 std::_Tree_val<std::_Tree_simple_types<std::pair<void *const , CUartProtocol *>>>::_Parent(std::_Tree_node<std::pair<void *const , CUartProtocol *>, void *> *) [0]
                  224 std::_Tree_comp_alloc<std::_Tmap_traits<void *, CUartProtocol *, std::less<void *>, std::allocator<std::pair<void *const , CUartProtocol *>>, (bool)0>>::_Right(std::_Tree_node<std::pair<void *const , CUartProtocol *>, void *> *) [8]
                    232 std::_Tree_val<std::_Tree_simple_types<std::pair<void *const , CUartProtocol *>>>::_Right(std::_Tree_node<std::pair<void *const , CUartProtocol *>, void *> *) [0]
                  224 std::_Tree_comp_alloc<std::_Tmap_traits<void *, CUartProtocol *, std::less<void *>, std::allocator<std::pair<void *const , CUartProtocol *>>, (bool)0>>::_Getal() [8]
                    232 std::_Compressed_pair<std::_Wrap_alloc<std::allocator<std::_Tree_node<std::pair<void *const , CUartProtocol *>, void *>>>, std::_Tree_val<std::_Tree_simple_types<std::pair<void *const , CUartProtocol *>>>, (bool)1>::_Get_first() [0]
                    232 std::_Compressed_pair<std::less<void *>, std::_Compressed_pair<std::_Wrap_alloc<std::allocator<std::_Tree_node<std::pair<void *const , CUartProtocol *>, void *>>>, std::_Tree_val<std::_Tree_simple_types<std::pair<void *const , CUartProtocol *>>>, (bool)1>, (bool)1>::_Get_second() [0]
                  224 std::_Tree_comp_alloc<std::_Tmap_traits<void *, CUartProtocol *, std::less<void *>, std::allocator<std::pair<void *const , CUartProtocol *>>, (bool)0>>::_Myhead() [16]
                    232 std::_Tree_comp_alloc<std::_Tmap_traits<void *, CUartProtocol *, std::less<void *>, std::allocator<std::pair<void *const , CUartProtocol *>>, (bool)0>>::_Get_data() [8]
                      240 std::_Compressed_pair<std::_Wrap_alloc<std::allocator<std::_Tree_node<std::pair<void *const , CUartProtocol *>, void *>>>, std::_Tree_val<std::_Tree_simple_types<std::pair<void *const , CUartProtocol *>>>, (bool)1>::_Get_second() [0]
                      240 std::_Compressed_pair<std::less<void *>, std::_Compressed_pair<std::_Wrap_alloc<std::allocator<std::_Tree_node<std::pair<void *const , CUartProtocol *>, void *>>>, std::_Tree_val<std::_Tree_simple_types<std::pair<void *const , CUartProtocol *>>>, (bool)1>, (bool)1>::_Get_second() [0] ***
                208 std::_Tree_comp_alloc<std::_Tmap_traits<void *, CUartProtocol *, std::less<void *>, std::allocator<std::pair<void *const , CUartProtocol *>>, (bool)0>>::_Getal() [8] ***
              160 std::_Tree_iterator<std::_Tree_val<std::_Tree_simple_types<std::pair<void *const , CUartProtocol *>>>> std::_Tree<std::_Tmap_traits<void *, CUartProtocol *, std::less<void *>, std::allocator<std::pair<void *const , CUartProtocol *>>, (bool)0>>::_Insert_hint<std::pair<void *const , CUartProtocol *> &, std::_Tree_node<std::pair<void *const , CUartProtocol *>, void *> *>(std::_Tree_const_iterator<std::_Tree_val<std::_Tree_simple_types<std::pair<void *const , CUartProtocol *>>>>, std::pair<void *const , CUartProtocol *> & &&, std::_Tree_node<std::pair<void *const , CUartProtocol *>, void *> *) [308]
                224 std::less<void *>::operator ()(void *const &, void *const &) const [0] ***
                224 std::pair<void *const , CUartProtocol *> & && std::forward<std::pair<void *const , CUartProtocol *> &>(std::remove_reference<std::pair<void *const , CUartProtocol *> &>::type &) [0]
                224 std::_Tree_unchecked_const_iterator<std::_Tree_val<std::_Tree_simple_types<std::pair<void *const , CUartProtocol *>>>, std::_Iterator_base0>::_Mynode() const [0] ***
                224 std::_Tree_const_iterator<std::_Tree_val<std::_Tree_simple_types<std::pair<void *const , CUartProtocol *>>>>::_Tree_const_iterator() [16]
                  232 std::_Tree_unchecked_const_iterator<std::_Tree_val<std::_Tree_simple_types<std::pair<void *const , CUartProtocol *>>>, std::_Iterator_base0>::_Tree_unchecked_const_iterator() [subobject] [8]
                    240 std::_Tree_unchecked_const_iterator<std::_Tree_val<std::_Tree_simple_types<std::pair<void *const , CUartProtocol *>>>, std::_Iterator_base0>::_Tree_unchecked_const_iterator() [0]
                224 std::_Tree_const_iterator<std::_Tree_val<std::_Tree_simple_types<std::pair<void *const , CUartProtocol *>>>>::operator ++() [32]
                  232 std::_Tree_unchecked_const_iterator<std::_Tree_val<std::_Tree_simple_types<std::pair<void *const , CUartProtocol *>>>, std::_Iterator_base0>::operator ++() [24]
                    248 std::_Tree_val<std::_Tree_simple_types<std::pair<void *const , CUartProtocol *>>>::_Isnil(std::_Tree_node<std::pair<void *const , CUartProtocol *>, void *> *) [0] ***
                    248 std::_Tree_val<std::_Tree_simple_types<std::pair<void *const , CUartProtocol *>>>::_Parent(std::_Tree_node<std::pair<void *const , CUartProtocol *>, void *> *) [0] ***
                    248 std::_Tree_val<std::_Tree_simple_types<std::pair<void *const , CUartProtocol *>>>::_Right(std::_Tree_node<std::pair<void *const , CUartProtocol *>, void *> *) [0] ***
                    248 std::_Tree_val<std::_Tree_simple_types<std::pair<void *const , CUartProtocol *>>>::_Min(std::_Tree_node<std::pair<void *const , CUartProtocol *>, void *> *) [8]
                      256 std::_Tree_val<std::_Tree_simple_types<std::pair<void *const , CUartProtocol *>>>::_Isnil(std::_Tree_node<std::pair<void *const , CUartProtocol *>, void *> *) [0] ***
                      256 std::_Tree_val<std::_Tree_simple_types<std::pair<void *const , CUartProtocol *>>>::_Left(std::_Tree_node<std::pair<void *const , CUartProtocol *>, void *> *) [0] ***
                224 std::_Tree_const_iterator<std::_Tree_val<std::_Tree_simple_types<std::pair<void *const , CUartProtocol *>>>>::operator --() [32]
                  232 std::_Tree_unchecked_const_iterator<std::_Tree_val<std::_Tree_simple_types<std::pair<void *const , CUartProtocol *>>>, std::_Iterator_base0>::operator --() [24]
                    248 std::_Tree_val<std::_Tree_simple_types<std::pair<void *const , CUartProtocol *>>>::_Isnil(std::_Tree_node<std::pair<void *const , CUartProtocol *>, void *> *) [0] ***
                    248 std::_Tree_val<std::_Tree_simple_types<std::pair<void *const , CUartProtocol *>>>::_Left(std::_Tree_node<std::pair<void *const , CUartProtocol *>, void *> *) [0] ***
                    248 std::_Tree_val<std::_Tree_simple_types<std::pair<void *const , CUartProtocol *>>>::_Parent(std::_Tree_node<std::pair<void *const , CUartProtocol *>, void *> *) [0] ***
                    248 std::_Tree_val<std::_Tree_simple_types<std::pair<void *const , CUartProtocol *>>>::_Right(std::_Tree_node<std::pair<void *const , CUartProtocol *>, void *> *) [0] ***
                    248 std::_Tree_val<std::_Tree_simple_types<std::pair<void *const , CUartProtocol *>>>::_Max(std::_Tree_node<std::pair<void *const , CUartProtocol *>, void *> *) [8]
                      256 std::_Tree_val<std::_Tree_simple_types<std::pair<void *const , CUartProtocol *>>>::_Isnil(std::_Tree_node<std::pair<void *const , CUartProtocol *>, void *> *) [0] ***
                      256 std::_Tree_val<std::_Tree_simple_types<std::pair<void *const , CUartProtocol *>>>::_Right(std::_Tree_node<std::pair<void *const , CUartProtocol *>, void *> *) [0] ***
                224 std::_Tree_const_iterator<std::_Tree_val<std::_Tree_simple_types<std::pair<void *const , CUartProtocol *>>>>::operator ==(const std::_Tree_const_iterator<std::_Tree_val<std::_Tree_simple_types<std::pair<void *const , CUartProtocol *>>>>&) const [0] ***
                224 std::_Tree_comp_alloc<std::_Tmap_traits<void *, CUartProtocol *, std::less<void *>, std::allocator<std::pair<void *const , CUartProtocol *>>, (bool)0>>::_Isnil(std::_Tree_node<std::pair<void *const , CUartProtocol *>, void *> *) [8] ***
                224 std::_Tree_comp_alloc<std::_Tmap_traits<void *, CUartProtocol *, std::less<void *>, std::allocator<std::pair<void *const , CUartProtocol *>>, (bool)0>>::_Right(std::_Tree_node<std::pair<void *const , CUartProtocol *>, void *> *) [8] ***
                224 std::_Tree_comp_alloc<std::_Tmap_traits<void *, CUartProtocol *, std::less<void *>, std::allocator<std::pair<void *const , CUartProtocol *>>, (bool)0>>::_Getcomp() [8] ***
                224 std::_Tree_comp_alloc<std::_Tmap_traits<void *, CUartProtocol *, std::less<void *>, std::allocator<std::pair<void *const , CUartProtocol *>>, (bool)0>>::_Myhead() [16] ***
                224 std::_Tree<std::_Tmap_traits<void *, CUartProtocol *, std::less<void *>, std::allocator<std::pair<void *const , CUartProtocol *>>, (bool)0>>::begin() [80]
                  240 std::_Tree_iterator<std::_Tree_val<std::_Tree_simple_types<std::pair<void *const , CUartProtocol *>>>>::_Tree_iterator(std::_Tree_node<std::pair<void *const , CUartProtocol *>, void *> *, std::_Tree_val<std::_Tree_simple_types<std::pair<void *const , CUartProtocol *>>> const *) [64]
                    256 std::_Tree_const_iterator<std::_Tree_val<std::_Tree_simple_types<std::pair<void *const , CUartProtocol *>>>>::_Tree_const_iterator(std::_Tree_node<std::pair<void *const , CUartProtocol *>, void *> *, std::_Tree_val<std::_Tree_simple_types<std::pair<void *const , CUartProtocol *>>> const *) [subobject] [48]
                      264 std::_Tree_const_iterator<std::_Tree_val<std::_Tree_simple_types<std::pair<void *const , CUartProtocol *>>>>::_Tree_const_iterator(std::_Tree_node<std::pair<void *const , CUartProtocol *>, void *> *, std::_Tree_val<std::_Tree_simple_types<std::pair<void *const , CUartProtocol *>>> const *) [40]
                        280 std::_Tree_unchecked_const_iterator<std::_Tree_val<std::_Tree_simple_types<std::pair<void *const , CUartProtocol *>>>, std::_Iterator_base0>::_Tree_unchecked_const_iterator(std::_Tree_node<std::pair<void *const , CUartProtocol *>, void *> *, std::_Tree_val<std::_Tree_simple_types<std::pair<void *const , CUartProtocol *>>> const *) [subobject] [24]
                          288 std::_Tree_unchecked_const_iterator<std::_Tree_val<std::_Tree_simple_types<std::pair<void *const , CUartProtocol *>>>, std::_Iterator_base0>::_Tree_unchecked_const_iterator(std::_Tree_node<std::pair<void *const , CUartProtocol *>, void *> *, std::_Tree_val<std::_Tree_simple_types<std::pair<void *const , CUartProtocol *>>> const *) [16]
                            304 std::_Iterator_base0::_Adopt(void const *) [0]
                  240 std::_Tree_comp_alloc<std::_Tmap_traits<void *, CUartProtocol *, std::less<void *>, std::allocator<std::pair<void *const , CUartProtocol *>>, (bool)0>>::_Get_data() [8] ***
                  240 std::_Tree<std::_Tmap_traits<void *, CUartProtocol *, std::less<void *>, std::allocator<std::pair<void *const , CUartProtocol *>>, (bool)0>>::_Lmost() const [24]
                    248 std::_Tree_comp_alloc<std::_Tmap_traits<void *, CUartProtocol *, std::less<void *>, std::allocator<std::pair<void *const , CUartProtocol *>>, (bool)0>>::_Left(std::_Tree_node<std::pair<void *const , CUartProtocol *>, void *> *) [8] ***
                    248 std::_Tree_comp_alloc<std::_Tmap_traits<void *, CUartProtocol *, std::less<void *>, std::allocator<std::pair<void *const , CUartProtocol *>>, (bool)0>>::_Myhead() const [16]
                      256 std::_Tree_comp_alloc<std::_Tmap_traits<void *, CUartProtocol *, std::less<void *>, std::allocator<std::pair<void *const , CUartProtocol *>>, (bool)0>>::_Get_data() const [8]
                        264 std::_Compressed_pair<std::_Wrap_alloc<std::allocator<std::_Tree_node<std::pair<void *const , CUartProtocol *>, void *>>>, std::_Tree_val<std::_Tree_simple_types<std::pair<void *const , CUartProtocol *>>>, (bool)1>::_Get_second() const [0]
                        264 std::_Compressed_pair<std::less<void *>, std::_Compressed_pair<std::_Wrap_alloc<std::allocator<std::_Tree_node<std::pair<void *const , CUartProtocol *>, void *>>>, std::_Tree_val<std::_Tree_simple_types<std::pair<void *const , CUartProtocol *>>>, (bool)1>, (bool)1>::_Get_second() const [0]
                224 std::_Tree<std::_Tmap_traits<void *, CUartProtocol *, std::less<void *>, std::allocator<std::pair<void *const , CUartProtocol *>>, (bool)0>>::end() [80]
                  240 std::_Tree_iterator<std::_Tree_val<std::_Tree_simple_types<std::pair<void *const , CUartProtocol *>>>>::_Tree_iterator(std::_Tree_node<std::pair<void *const , CUartProtocol *>, void *> *, std::_Tree_val<std::_Tree_simple_types<std::pair<void *const , CUartProtocol *>>> const *) [64] ***
                  240 std::_Tree_comp_alloc<std::_Tmap_traits<void *, CUartProtocol *, std::less<void *>, std::allocator<std::pair<void *const , CUartProtocol *>>, (bool)0>>::_Get_data() [8] ***
                  240 std::_Tree_comp_alloc<std::_Tmap_traits<void *, CUartProtocol *, std::less<void *>, std::allocator<std::pair<void *const , CUartProtocol *>>, (bool)0>>::_Myhead() [16] ***
                224 std::_Tree<std::_Tmap_traits<void *, CUartProtocol *, std::less<void *>, std::allocator<std::pair<void *const , CUartProtocol *>>, (bool)0>>::size() const [24]
                  232 std::_Tree_comp_alloc<std::_Tmap_traits<void *, CUartProtocol *, std::less<void *>, std::allocator<std::pair<void *const , CUartProtocol *>>, (bool)0>>::_Mysize() const [16]
                    240 std::_Tree_comp_alloc<std::_Tmap_traits<void *, CUartProtocol *, std::less<void *>, std::allocator<std::pair<void *const , CUartProtocol *>>, (bool)0>>::_Get_data() const [8] ***
                224 std::pair<std::_Tree_iterator<std::_Tree_val<std::_Tree_simple_types<std::pair<void *const , CUartProtocol *>>>>, bool> std::_Tree<std::_Tmap_traits<void *, CUartProtocol *, std::less<void *>, std::allocator<std::pair<void *const , CUartProtocol *>>, (bool)0>>::_Insert_nohint<std::pair<void *const , CUartProtocol *> &, std::_Tree_node<std::pair<void *const , CUartProtocol *>, void *> *>(bool, std::pair<void *const , CUartProtocol *> & &&, std::_Tree_node<std::pair<void *const , CUartProtocol *>, void *> *) [244]
                  312 std::less<void *>::operator ()(void *const &, void *const &) const [0] ***
                  312 std::pair<void *const , CUartProtocol *> & && std::forward<std::pair<void *const , CUartProtocol *> &>(std::remove_reference<std::pair<void *const , CUartProtocol *> &>::type &) [0] ***
                  312 std::pair<std::_Tree_iterator<std::_Tree_val<std::_Tree_simple_types<std::pair<void *const , CUartProtocol *>>>>, bool>::pair<std::_Tree_iterator<std::_Tree_val<std::_Tree_simple_types<std::pair<void *const , CUartProtocol *>>>>, bool, void>(std::_Tree_iterator<std::_Tree_val<std::_Tree_simple_types<std::pair<void *const , CUartProtocol *>>>> &&, bool &&) [16]
                    328 std::_Tree_iterator<std::_Tree_val<std::_Tree_simple_types<std::pair<void *const , CUartProtocol *>>>> && std::forward<std::_Tree_iterator<std::_Tree_val<std::_Tree_simple_types<std::pair<void *const , CUartProtocol *>>>>>(std::remove_reference<std::_Tree_iterator<std::_Tree_val<std::_Tree_simple_types<std::pair<void *const , CUartProtocol *>>>>>::type &) [0]
                    328 bool && std::forward<bool>(std::remove_reference<bool>::type &) [0]
                  312 std::pair<std::_Tree_iterator<std::_Tree_val<std::_Tree_simple_types<std::pair<void *const , CUartProtocol *>>>>, bool>::pair<std::_Tree_iterator<std::_Tree_val<std::_Tree_simple_types<std::pair<void *const , CUartProtocol *>>>> &, bool, void>(std::_Tree_iterator<std::_Tree_val<std::_Tree_simple_types<std::pair<void *const , CUartProtocol *>>>> & &&, bool &&) [16]
                    328 bool && std::forward<bool>(std::remove_reference<bool>::type &) [0] ***
                    328 std::_Tree_iterator<std::_Tree_val<std::_Tree_simple_types<std::pair<void *const , CUartProtocol *>>>> & && std::forward<std::_Tree_iterator<std::_Tree_val<std::_Tree_simple_types<std::pair<void *const , CUartProtocol *>>>> &>(std::remove_reference<std::_Tree_iterator<std::_Tree_val<std::_Tree_simple_types<std::pair<void *const , CUartProtocol *>>>> &>::type &) [0]
                  312 std::_Tree_unchecked_const_iterator<std::_Tree_val<std::_Tree_simple_types<std::pair<void *const , CUartProtocol *>>>, std::_Iterator_base0>::_Mynode() const [0] ***
                  312 std::_Tree_const_iterator<std::_Tree_val<std::_Tree_simple_types<std::pair<void *const , CUartProtocol *>>>>::operator ==(const std::_Tree_const_iterator<std::_Tree_val<std::_Tree_simple_types<std::pair<void *const , CUartProtocol *>>>>&) const [0] ***
                  312 std::_Tree_iterator<std::_Tree_val<std::_Tree_simple_types<std::pair<void *const , CUartProtocol *>>>>::_Tree_iterator(std::_Tree_node<std::pair<void *const , CUartProtocol *>, void *> *, std::_Tree_val<std::_Tree_simple_types<std::pair<void *const , CUartProtocol *>>> const *) [64] ***
                  312 std::_Tree_iterator<std::_Tree_val<std::_Tree_simple_types<std::pair<void *const , CUartProtocol *>>>>::operator --() [40]
                    320 std::_Tree_const_iterator<std::_Tree_val<std::_Tree_simple_types<std::pair<void *const , CUartProtocol *>>>>::operator --() [32] ***
                  312 std::_Tree_comp_alloc<std::_Tmap_traits<void *, CUartProtocol *, std::less<void *>, std::allocator<std::pair<void *const , CUartProtocol *>>, (bool)0>>::_Isnil(std::_Tree_node<std::pair<void *const , CUartProtocol *>, void *> *) [8] ***
                  312 std::_Tree_comp_alloc<std::_Tmap_traits<void *, CUartProtocol *, std::less<void *>, std::allocator<std::pair<void *const , CUartProtocol *>>, (bool)0>>::_Left(std::_Tree_node<std::pair<void *const , CUartProtocol *>, void *> *) [8] ***
                  312 std::_Tree_comp_alloc<std::_Tmap_traits<void *, CUartProtocol *, std::less<void *>, std::allocator<std::pair<void *const , CUartProtocol *>>, (bool)0>>::_Right(std::_Tree_node<std::pair<void *const , CUartProtocol *>, void *> *) [8] ***
                  312 std::_Tree_comp_alloc<std::_Tmap_traits<void *, CUartProtocol *, std::less<void *>, std::allocator<std::pair<void *const , CUartProtocol *>>, (bool)0>>::_Getcomp() [8] ***
                  312 std::_Tree_comp_alloc<std::_Tmap_traits<void *, CUartProtocol *, std::less<void *>, std::allocator<std::pair<void *const , CUartProtocol *>>, (bool)0>>::_Get_data() [8] ***
                  312 std::_Tree_comp_alloc<std::_Tmap_traits<void *, CUartProtocol *, std::less<void *>, std::allocator<std::pair<void *const , CUartProtocol *>>, (bool)0>>::_Myhead() [16] ***
                  312 std::_Tree<std::_Tmap_traits<void *, CUartProtocol *, std::less<void *>, std::allocator<std::pair<void *const , CUartProtocol *>>, (bool)0>>::begin() [80] ***
                  312 std::_Tree<std::_Tmap_traits<void *, CUartProtocol *, std::less<void *>, std::allocator<std::pair<void *const , CUartProtocol *>>, (bool)0>>::_Destroy_if_not_nil(std::_Tree_node<std::pair<void *const , CUartProtocol *>, void *> *) [116]
                    328 std::pair<void *const , CUartProtocol *> * std::addressof<std::pair<void *const , CUartProtocol *>>(std::pair<void *const , CUartProtocol *> &) [8] ***
                    328 std::_Wrap_alloc<std::allocator<std::_Tree_node<std::pair<void *const , CUartProtocol *>, void *>>>::deallocate(std::_Tree_node<std::pair<void *const , CUartProtocol *>, void *> *, unsigned int) [100]
                      344 std::allocator<std::_Tree_node<std::pair<void *const , CUartProtocol *>, void *>>::deallocate(std::_Tree_node<std::pair<void *const , CUartProtocol *>, void *> *, unsigned int) [84]
                        360 void std::_Deallocate<std::_Tree_node<std::pair<void *const , CUartProtocol *>, void *>>(std::_Tree_node<std::pair<void *const , CUartProtocol *>, void *> *, unsigned int) [68]
                          376 operator delete (void *) [52]
                            376 free [52]
                              376 __iar_dlfree [52]
                                416 sys_trim (dlmalloc.o(dl7M_tlf.a)) [12]
                                  428 - [0]
                                416 abort [8] ***
                    328 void std::_Wrap_alloc<std::allocator<std::_Tree_node<std::pair<void *const , CUartProtocol *>, void *>>>::destroy<std::pair<void *const , CUartProtocol *>>(std::pair<void *const , CUartProtocol *> *) [32]
                      344 void std::allocator_traits<std::allocator<std::_Tree_node<std::pair<void *const , CUartProtocol *>, void *>>>::destroy<std::pair<void *const , CUartProtocol *>>(std::allocator<std::_Tree_node<std::pair<void *const , CUartProtocol *>, void *>>&, std::pair<void *const , CUartProtocol *> *) [16]
                        360 void std::allocator<std::_Tree_node<std::pair<void *const , CUartProtocol *>, void *>>::destroy<std::pair<void *const , CUartProtocol *>>(std::pair<void *const , CUartProtocol *> *) [0]
                    328 std::_Tree_comp_alloc<std::_Tmap_traits<void *, CUartProtocol *, std::less<void *>, std::allocator<std::pair<void *const , CUartProtocol *>>, (bool)0>>::_Myval(std::_Tree_node<std::pair<void *const , CUartProtocol *>, void *> *) [8] ***
                    328 std::_Tree_comp_alloc<std::_Tmap_traits<void *, CUartProtocol *, std::less<void *>, std::allocator<std::pair<void *const , CUartProtocol *>>, (bool)0>>::_Getal() [8] ***
                  312 std::_Tree_iterator<std::_Tree_val<std::_Tree_simple_types<std::pair<void *const , CUartProtocol *>>>> std::_Tree<std::_Tmap_traits<void *, CUartProtocol *, std::less<void *>, std::allocator<std::pair<void *const , CUartProtocol *>>, (bool)0>>::_Insert_at<std::pair<void *const , CUartProtocol *> &, std::_Tree_node<std::pair<void *const , CUartProtocol *>, void *> *>(bool, std::_Tree_node<std::pair<void *const , CUartProtocol *>, void *> *, std::pair<void *const , CUartProtocol *> & &&, std::_Tree_node<std::pair<void *const , CUartProtocol *>, void *> *) [156]
                    352 std::pair<void *const , CUartProtocol *> & && std::forward<std::pair<void *const , CUartProtocol *> &>(std::remove_reference<std::pair<void *const , CUartProtocol *> &>::type &) [0] ***
                    352 std::_Tree_iterator<std::_Tree_val<std::_Tree_simple_types<std::pair<void *const , CUartProtocol *>>>>::_Tree_iterator(std::_Tree_node<std::pair<void *const , CUartProtocol *>, void *> *, std::_Tree_val<std::_Tree_simple_types<std::pair<void *const , CUartProtocol *>>> const *) [64] ***
                    352 std::_Tree_comp_alloc<std::_Tmap_traits<void *, CUartProtocol *, std::less<void *>, std::allocator<std::pair<void *const , CUartProtocol *>>, (bool)0>>::_Color(std::_Tree_node<std::pair<void *const , CUartProtocol *>, void *> *) [8] ***
                    352 std::_Tree_comp_alloc<std::_Tmap_traits<void *, CUartProtocol *, std::less<void *>, std::allocator<std::pair<void *const , CUartProtocol *>>, (bool)0>>::_Left(std::_Tree_node<std::pair<void *const , CUartProtocol *>, void *> *) [8] ***
                    352 std::_Tree_comp_alloc<std::_Tmap_traits<void *, CUartProtocol *, std::less<void *>, std::allocator<std::pair<void *const , CUartProtocol *>>, (bool)0>>::_Parent(std::_Tree_node<std::pair<void *const , CUartProtocol *>, void *> *) [8] ***
                    352 std::_Tree_comp_alloc<std::_Tmap_traits<void *, CUartProtocol *, std::less<void *>, std::allocator<std::pair<void *const , CUartProtocol *>>, (bool)0>>::_Right(std::_Tree_node<std::pair<void *const , CUartProtocol *>, void *> *) [8] ***
                    352 std::_Tree_comp_alloc<std::_Tmap_traits<void *, CUartProtocol *, std::less<void *>, std::allocator<std::pair<void *const , CUartProtocol *>>, (bool)0>>::_Get_data() [8] ***
                    352 std::_Tree_comp_alloc<std::_Tmap_traits<void *, CUartProtocol *, std::less<void *>, std::allocator<std::pair<void *const , CUartProtocol *>>, (bool)0>>::_Myhead() [16] ***
                    352 std::_Tree_comp_alloc<std::_Tmap_traits<void *, CUartProtocol *, std::less<void *>, std::allocator<std::pair<void *const , CUartProtocol *>>, (bool)0>>::_Mysize() [16]
                      360 std::_Tree_comp_alloc<std::_Tmap_traits<void *, CUartProtocol *, std::less<void *>, std::allocator<std::pair<void *const , CUartProtocol *>>, (bool)0>>::_Get_data() [8] ***
                    352 std::_Tree<std::_Tmap_traits<void *, CUartProtocol *, std::less<void *>, std::allocator<std::pair<void *const , CUartProtocol *>>, (bool)0>>::max_size() const [32]
                      368 std::_Wrap_alloc<std::allocator<std::_Tree_node<std::pair<void *const , CUartProtocol *>, void *>>>::max_size(std::_Nil) const [16]
                        376 std::allocator_traits<std::allocator<std::_Tree_node<std::pair<void *const , CUartProtocol *>, void *>>>::max_size(const std::allocator<std::_Tree_node<std::pair<void *const , CUartProtocol *>, void *>>&) [8]
                          384 std::allocator<std::_Tree_node<std::pair<void *const , CUartProtocol *>, void *>>::max_size() const [0]
                      368 std::_Tree_comp_alloc<std::_Tmap_traits<void *, CUartProtocol *, std::less<void *>, std::allocator<std::pair<void *const , CUartProtocol *>>, (bool)0>>::_Getal() const [8]
                        376 std::_Compressed_pair<std::_Wrap_alloc<std::allocator<std::_Tree_node<std::pair<void *const , CUartProtocol *>, void *>>>, std::_Tree_val<std::_Tree_simple_types<std::pair<void *const , CUartProtocol *>>>, (bool)1>::_Get_first() const [0]
                        376 std::_Compressed_pair<std::less<void *>, std::_Compressed_pair<std::_Wrap_alloc<std::allocator<std::_Tree_node<std::pair<void *const , CUartProtocol *>, void *>>>, std::_Tree_val<std::_Tree_simple_types<std::pair<void *const , CUartProtocol *>>>, (bool)1>, (bool)1>::_Get_second() const [0] ***
                    352 std::_Tree_node<std::pair<void *const , CUartProtocol *>, void *> * std::_Tree<std::_Tmap_traits<void *, CUartProtocol *, std::less<void *>, std::allocator<std::pair<void *const , CUartProtocol *>>, (bool)0>>::_Buynode_if_nil<std::pair<void *const , CUartProtocol *> &>(std::_Tree_node<std::pair<void *const , CUartProtocol *>, void *> *, std::pair<void *const , CUartProtocol *> & &&) [0]
                    352 std::_Tree<std::_Tmap_traits<void *, CUartProtocol *, std::less<void *>, std::allocator<std::pair<void *const , CUartProtocol *>>, (bool)0>>::_Destroy_if_not_nil(std::_Tree_node<std::pair<void *const , CUartProtocol *>, void *> *) [116] ***
                    352 std::_Tree<std::_Tmap_traits<void *, CUartProtocol *, std::less<void *>, std::allocator<std::pair<void *const , CUartProtocol *>>, (bool)0>>::_Lmost() const [24] ***
                    352 std::_Tree<std::_Tmap_traits<void *, CUartProtocol *, std::less<void *>, std::allocator<std::pair<void *const , CUartProtocol *>>, (bool)0>>::_Lrotate(std::_Tree_node<std::pair<void *const , CUartProtocol *>, void *> *) [48]
                      376 std::_Tree_comp_alloc<std::_Tmap_traits<void *, CUartProtocol *, std::less<void *>, std::allocator<std::pair<void *const , CUartProtocol *>>, (bool)0>>::_Isnil(std::_Tree_node<std::pair<void *const , CUartProtocol *>, void *> *) [8] ***
                      376 std::_Tree_comp_alloc<std::_Tmap_traits<void *, CUartProtocol *, std::less<void *>, std::allocator<std::pair<void *const , CUartProtocol *>>, (bool)0>>::_Left(std::_Tree_node<std::pair<void *const , CUartProtocol *>, void *> *) [8] ***
                      376 std::_Tree_comp_alloc<std::_Tmap_traits<void *, CUartProtocol *, std::less<void *>, std::allocator<std::pair<void *const , CUartProtocol *>>, (bool)0>>::_Parent(std::_Tree_node<std::pair<void *const , CUartProtocol *>, void *> *) [8] ***
                      376 std::_Tree_comp_alloc<std::_Tmap_traits<void *, CUartProtocol *, std::less<void *>, std::allocator<std::pair<void *const , CUartProtocol *>>, (bool)0>>::_Right(std::_Tree_node<std::pair<void *const , CUartProtocol *>, void *> *) [8] ***
                      376 std::_Tree<std::_Tmap_traits<void *, CUartProtocol *, std::less<void *>, std::allocator<std::pair<void *const , CUartProtocol *>>, (bool)0>>::_Root() const [24]
                        384 std::_Tree_comp_alloc<std::_Tmap_traits<void *, CUartProtocol *, std::less<void *>, std::allocator<std::pair<void *const , CUartProtocol *>>, (bool)0>>::_Parent(std::_Tree_node<std::pair<void *const , CUartProtocol *>, void *> *) [8] ***
                        384 std::_Tree_comp_alloc<std::_Tmap_traits<void *, CUartProtocol *, std::less<void *>, std::allocator<std::pair<void *const , CUartProtocol *>>, (bool)0>>::_Myhead() const [16] ***
                    352 std::_Tree<std::_Tmap_traits<void *, CUartProtocol *, std::less<void *>, std::allocator<std::pair<void *const , CUartProtocol *>>, (bool)0>>::_Rmost() const [24]
                      360 std::_Tree_comp_alloc<std::_Tmap_traits<void *, CUartProtocol *, std::less<void *>, std::allocator<std::pair<void *const , CUartProtocol *>>, (bool)0>>::_Right(std::_Tree_node<std::pair<void *const , CUartProtocol *>, void *> *) [8] ***
                      360 std::_Tree_comp_alloc<std::_Tmap_traits<void *, CUartProtocol *, std::less<void *>, std::allocator<std::pair<void *const , CUartProtocol *>>, (bool)0>>::_Myhead() const [16] ***
                    352 std::_Tree<std::_Tmap_traits<void *, CUartProtocol *, std::less<void *>, std::allocator<std::pair<void *const , CUartProtocol *>>, (bool)0>>::_Root() const [24] ***
                    352 std::_Tree<std::_Tmap_traits<void *, CUartProtocol *, std::less<void *>, std::allocator<std::pair<void *const , CUartProtocol *>>, (bool)0>>::_Rrotate(std::_Tree_node<std::pair<void *const , CUartProtocol *>, void *> *) [48]
                      376 std::_Tree_comp_alloc<std::_Tmap_traits<void *, CUartProtocol *, std::less<void *>, std::allocator<std::pair<void *const , CUartProtocol *>>, (bool)0>>::_Isnil(std::_Tree_node<std::pair<void *const , CUartProtocol *>, void *> *) [8] ***
                      376 std::_Tree_comp_alloc<std::_Tmap_traits<void *, CUartProtocol *, std::less<void *>, std::allocator<std::pair<void *const , CUartProtocol *>>, (bool)0>>::_Left(std::_Tree_node<std::pair<void *const , CUartProtocol *>, void *> *) [8] ***
                      376 std::_Tree_comp_alloc<std::_Tmap_traits<void *, CUartProtocol *, std::less<void *>, std::allocator<std::pair<void *const , CUartProtocol *>>, (bool)0>>::_Parent(std::_Tree_node<std::pair<void *const , CUartProtocol *>, void *> *) [8] ***
                      376 std::_Tree_comp_alloc<std::_Tmap_traits<void *, CUartProtocol *, std::less<void *>, std::allocator<std::pair<void *const , CUartProtocol *>>, (bool)0>>::_Right(std::_Tree_node<std::pair<void *const , CUartProtocol *>, void *> *) [8] ***
                      376 std::_Tree<std::_Tmap_traits<void *, CUartProtocol *, std::less<void *>, std::allocator<std::pair<void *const , CUartProtocol *>>, (bool)0>>::_Root() const [24] ***
                    352 abort [8] ***
                  312 std::_Tree<std::_Tmap_traits<void *, CUartProtocol *, std::less<void *>, std::allocator<std::pair<void *const , CUartProtocol *>>, (bool)0>>::_Root() const [24] ***
                  312 std::_Tree<std::_Tmap_traits<void *, CUartProtocol *, std::less<void *>, std::allocator<std::pair<void *const , CUartProtocol *>>, (bool)0>>::_Kfn(std::pair<void *const , CUartProtocol *> const &) const [16]
                    328 void *const & std::_Tmap_traits<void *, CUartProtocol *, std::less<void *>, std::allocator<std::pair<void *const , CUartProtocol *>>, (bool)0>::_Kfn<void *const , CUartProtocol *>(const std::pair<void *const , CUartProtocol *>&) [0]
                  312 std::_Tree<std::_Tmap_traits<void *, CUartProtocol *, std::less<void *>, std::allocator<std::pair<void *const , CUartProtocol *>>, (bool)0>>::_Key(std::_Tree_node<std::pair<void *const , CUartProtocol *>, void *> *) const [32]
                    328 std::_Tree_comp_alloc<std::_Tmap_traits<void *, CUartProtocol *, std::less<void *>, std::allocator<std::pair<void *const , CUartProtocol *>>, (bool)0>>::_Myval(std::_Tree_node<std::pair<void *const , CUartProtocol *>, void *> *) [8] ***
                    328 std::_Tree<std::_Tmap_traits<void *, CUartProtocol *, std::less<void *>, std::allocator<std::pair<void *const , CUartProtocol *>>, (bool)0>>::_Kfn(std::pair<void *const , CUartProtocol *> const &) const [16] ***
                224 std::_Tree_iterator<std::_Tree_val<std::_Tree_simple_types<std::pair<void *const , CUartProtocol *>>>> std::_Tree<std::_Tmap_traits<void *, CUartProtocol *, std::less<void *>, std::allocator<std::pair<void *const , CUartProtocol *>>, (bool)0>>::_Insert_at<std::pair<void *const , CUartProtocol *> &, std::_Tree_node<std::pair<void *const , CUartProtocol *>, void *> *>(bool, std::_Tree_node<std::pair<void *const , CUartProtocol *>, void *> *, std::pair<void *const , CUartProtocol *> & &&, std::_Tree_node<std::pair<void *const , CUartProtocol *>, void *> *) [156] ***
                224 std::_Tree<std::_Tmap_traits<void *, CUartProtocol *, std::less<void *>, std::allocator<std::pair<void *const , CUartProtocol *>>, (bool)0>>::_Rmost() const [24] ***
                224 std::_Tree<std::_Tmap_traits<void *, CUartProtocol *, std::less<void *>, std::allocator<std::pair<void *const , CUartProtocol *>>, (bool)0>>::_Kfn(std::pair<void *const , CUartProtocol *> const &) const [16] ***
                224 std::_Tree<std::_Tmap_traits<void *, CUartProtocol *, std::less<void *>, std::allocator<std::pair<void *const , CUartProtocol *>>, (bool)0>>::_Key(std::_Tree_node<std::pair<void *const , CUartProtocol *>, void *> *) const [32] ***
            128 std::_Tree<std::_Tmap_traits<void *, CUartProtocol *, std::less<void *>, std::allocator<std::pair<void *const , CUartProtocol *>>, (bool)0>>::end() [80] ***
            128 std::_Tree<std::_Tmap_traits<void *, CUartProtocol *, std::less<void *>, std::allocator<std::pair<void *const , CUartProtocol *>>, (bool)0>>::lower_bound(void *const &) [88]
              152 std::_Tree_iterator<std::_Tree_val<std::_Tree_simple_types<std::pair<void *const , CUartProtocol *>>>>::_Tree_iterator(std::_Tree_node<std::pair<void *const , CUartProtocol *>, void *> *, std::_Tree_val<std::_Tree_simple_types<std::pair<void *const , CUartProtocol *>>> const *) [64] ***
              152 std::_Tree_comp_alloc<std::_Tmap_traits<void *, CUartProtocol *, std::less<void *>, std::allocator<std::pair<void *const , CUartProtocol *>>, (bool)0>>::_Get_data() [8] ***
              152 std::_Tree_node<std::pair<void *const , CUartProtocol *>, void *> * std::_Tree<std::_Tmap_traits<void *, CUartProtocol *, std::less<void *>, std::allocator<std::pair<void *const , CUartProtocol *>>, (bool)0>>::_Lbound<void *>(void * const &) const [56]
                176 std::_Tree_comp_alloc<std::_Tmap_traits<void *, CUartProtocol *, std::less<void *>, std::allocator<std::pair<void *const , CUartProtocol *>>, (bool)0>>::_Isnil(std::_Tree_node<std::pair<void *const , CUartProtocol *>, void *> *) [8] ***
                176 std::_Tree_comp_alloc<std::_Tmap_traits<void *, CUartProtocol *, std::less<void *>, std::allocator<std::pair<void *const , CUartProtocol *>>, (bool)0>>::_Left(std::_Tree_node<std::pair<void *const , CUartProtocol *>, void *> *) [8] ***
                176 std::_Tree_comp_alloc<std::_Tmap_traits<void *, CUartProtocol *, std::less<void *>, std::allocator<std::pair<void *const , CUartProtocol *>>, (bool)0>>::_Right(std::_Tree_node<std::pair<void *const , CUartProtocol *>, void *> *) [8] ***
                176 std::_Tree_comp_alloc<std::_Tmap_traits<void *, CUartProtocol *, std::less<void *>, std::allocator<std::pair<void *const , CUartProtocol *>>, (bool)0>>::_Myhead() const [16] ***
                176 std::_Tree<std::_Tmap_traits<void *, CUartProtocol *, std::less<void *>, std::allocator<std::pair<void *const , CUartProtocol *>>, (bool)0>>::_Compare(void *const &, void *const &) const [24]
                  192 std::less<void *>::operator ()(void *const &, void *const &) const [0] ***
                  192 std::_Tree_comp_alloc<std::_Tmap_traits<void *, CUartProtocol *, std::less<void *>, std::allocator<std::pair<void *const , CUartProtocol *>>, (bool)0>>::_Getcomp() const [8]
                    200 std::_Compressed_pair<std::less<void *>, std::_Compressed_pair<std::_Wrap_alloc<std::allocator<std::_Tree_node<std::pair<void *const , CUartProtocol *>, void *>>>, std::_Tree_val<std::_Tree_simple_types<std::pair<void *const , CUartProtocol *>>>, (bool)1>, (bool)1>::_Get_first() const [0]
                176 std::_Tree<std::_Tmap_traits<void *, CUartProtocol *, std::less<void *>, std::allocator<std::pair<void *const , CUartProtocol *>>, (bool)0>>::_Root() const [24] ***
                176 std::_Tree<std::_Tmap_traits<void *, CUartProtocol *, std::less<void *>, std::allocator<std::pair<void *const , CUartProtocol *>>, (bool)0>>::_Key(std::_Tree_node<std::pair<void *const , CUartProtocol *>, void *> *) const [32] ***
            128 std::_Tree<std::_Tmap_traits<void *, CUartProtocol *, std::less<void *>, std::allocator<std::pair<void *const , CUartProtocol *>>, (bool)0>>::_Key(std::_Tree_node<std::pair<void *const , CUartProtocol *>, void *> *) const [32] ***
          88 Dprintf [360] ***
        64 IUarts::Init(void *) [132]
          104 GPIO_Init [16]
            120 - [0]
          104 GPIO_PinAFConfig [20]
            124 - [0]
          104 NVIC_Init [16]
            120 - [0]
          104 RCC_AHB1PeriphClockCmd [0]
          104 RCC_APB1PeriphClockCmd [0]
          104 USART_Cmd [0]
          104 USART_DeInit [8]
            112 RCC_APB1PeriphResetCmd [0]
            112 RCC_APB2PeriphResetCmd [0]
          104 USART_ITConfig [24]
            128 - [0]
          104 USART_Init [92]
            160 RCC_GetClocksFreq [36]
              196 - [0]
      48 Dprintf [360] ***
    24 IUarts::IUarts() [16]
      32 CSuperNetInterface::CSuperNetInterface() [subobject] [8]
        40 CSuperNetInterface::CSuperNetInterface() [0]
    24 operator new (unsigned int) [136] ***
    24 vTaskDelay [56] ***

  Uncalled:
  0 led0_task(void *) [368]
    8 Dprintf [360] ***
    8 vTaskDelay [56] ***

  Uncalled:
  0 led1_task(void *) [368]
    8 Dprintf [360] ***
    8 vTaskDelay [56] ***

  Uncalled:
  0 prvTaskExitError (port.o) [0]

  Uncalled:
  0 BusFault_Handler [0]

  Uncalled:
  0 DebugMon_Handler [0]

  Uncalled:
  0 HardFault_Handler [0]

  Uncalled:
  0 MemManage_Handler [0]

  Uncalled:
  0 NMI_Handler [0]

  Uncalled:
  0 UsageFault_Handler [0]

  Uncalled:
  0 SystemInit [16]
    8 SetSysClock (system_stm32f4xx.o) [8]
      16 - [0]

  Uncalled:
  0 prvIdleTask (tasks.o) [88]
    8 prvCheckTasksWaitingTermination (tasks.o) [80]
      24 vTaskSuspendAll [0] ***
      24 xTaskResumeAll [40] ***
      24 prvDeleteTCB (tasks.o) [64] ***
      24 uxListRemove [0] ***
      24 vPortEnterCritical [0] ***
      24 vPortExitCritical [0] ***

  Uncalled:
  0 vTaskSwitchContext [0]

  Uncalled:
  0 prvTimerTask (timers.o) [---]
    16 prvProcessTimerOrBlockTask (timers.o) [---]
      40 prvProcessExpiredTimer (timers.o) [---]
        64 Indirect call [---]
        64 xTimerGenericCommand [176]
          112 xQueueGenericSend [128]
            152 prvCopyDataToQueue (queue.o) [48]
              184 __aeabi_memcpy [8] ***
              184 xTaskPriorityDisinherit [16]
                200 uxListRemove [0] ***
                200 vListInsertEnd [0] ***
            152 prvUnlockQueue (queue.o) [88]
              168 prvNotifyQueueSetContainer (queue.o) [72]
                192 prvCopyDataToQueue (queue.o) [48] ***
                192 xTaskRemoveFromEventList [16]
                  208 uxListRemove [0] ***
                  208 vListInsertEnd [0] ***
              168 vPortEnterCritical [0] ***
              168 vPortExitCritical [0] ***
              168 vTaskMissedYield [0]
              168 xTaskRemoveFromEventList [16] ***
            152 prvIsQueueFull (queue.o) [16]
              168 vPortEnterCritical [0] ***
              168 vPortExitCritical [0] ***
            152 prvNotifyQueueSetContainer (queue.o) [72] ***
            152 vPortEnterCritical [0] ***
            152 vPortExitCritical [0] ***
            152 vTaskPlaceOnEventList [44]
              168 prvAddCurrentTaskToDelayedList (tasks.o) [28] ***
              168 vListInsert [4] ***
            152 vTaskSetTimeOutState [0]
            152 vTaskSuspendAll [0] ***
            152 xTaskCheckForTimeOut [24]
              176 vTaskSetTimeOutState [0] ***
              176 vPortEnterCritical [0] ***
              176 vPortExitCritical [0] ***
            152 xTaskGetSchedulerState [0] ***
            152 xTaskRemoveFromEventList [16] ***
            152 xTaskResumeAll [40] ***
          112 xQueueGenericSendFromISR [104]
            144 prvCopyDataToQueue (queue.o) [48] ***
            144 prvNotifyQueueSetContainer (queue.o) [72] ***
            144 vPortValidateInterruptPriority [0]
            144 xTaskRemoveFromEventList [16] ***
          112 xTaskGetSchedulerState [0] ***
        64 prvInsertTimerInActiveList (timers.o) [28]
          88 vListInsert [4] ***
        64 uxListRemove [0] ***
      40 prvSampleTimeNow (timers.o) [---]
        56 prvSwitchTimerLists (timers.o) [---]
          80 Indirect call [---]
          80 xTimerGenericCommand [176] ***
          80 uxListRemove [0] ***
          80 vListInsert [4] ***
        56 xTaskGetTickCount [0]
      40 vQueueWaitForMessageRestricted [112]
        64 prvUnlockQueue (queue.o) [88] ***
        64 vPortEnterCritical [0] ***
        64 vPortExitCritical [0] ***
        64 vTaskPlaceOnEventListRestricted [44]
          80 prvAddCurrentTaskToDelayedList (tasks.o) [28] ***
          80 vListInsertEnd [0] ***
      40 vTaskSuspendAll [0] ***
      40 xTaskResumeAll [40] ***
    16 prvGetNextExpireTime (timers.o) [0]
    16 prvProcessReceivedCommands (timers.o) [---]
      64 Indirect call [---]
      64 xTimerGenericCommand [176] ***
      64 prvSampleTimeNow (timers.o) [---] ***
      64 prvInsertTimerInActiveList (timers.o) [28] ***
      64 uxListRemove [0] ***
      64 vPortFree [56] ***
      64 xQueueGenericReceive [136]
        112 prvCopyDataFromQueue (queue.o) [32]
          136 __aeabi_memcpy [8] ***
        112 prvUnlockQueue (queue.o) [88] ***
        112 prvIsQueueEmpty (queue.o) [16]
          128 vPortEnterCritical [0] ***
          128 vPortExitCritical [0] ***
        112 pvTaskIncrementMutexHeldCount [0]
        112 vPortEnterCritical [0] ***
        112 vPortExitCritical [0] ***
        112 vTaskPlaceOnEventList [44] ***
        112 vTaskPriorityInherit [16]
          128 uxListRemove [0] ***
          128 vListInsertEnd [0] ***
        112 vTaskSetTimeOutState [0] ***
        112 vTaskSuspendAll [0] ***
        112 xTaskCheckForTimeOut [24] ***
        112 xTaskGetSchedulerState [0] ***
        112 xTaskRemoveFromEventList [16] ***
        112 xTaskResumeAll [40] ***

  Uncalled:
  0 USART1_IRQHandler [24]
    8 USART_ClearFlag [0] ***
    8 USART_GetITStatus [16] ***
    8 USART_ReceiveData [0] ***

  Program entry:
  0 __iar_program_start [---]
    0 __cmain [---]
      0 __iar_data_init3 [344]
        8 __iar_zero_init3 [0]
        8 __iar_copy_init3 [4]
          12 - [0]
        8 __iar_cstart_call_ctors [336]
          16 __call_ctors [328]
            32 __sti__routine (CUartProtocol.o) [312]
              40 std::map<void *, CUartProtocol *, std::less<void *>, std::allocator<std::pair<void *const , CUartProtocol *>>>::map() [304]
                56 std::_Tree<std::_Tmap_traits<void *, CUartProtocol *, std::less<void *>, std::allocator<std::pair<void *const , CUartProtocol *>>, (bool)0>>::_Tree(std::less<void *> const &, const std::allocator<std::pair<void *const , CUartProtocol *>>&) [subobject] [288]
                  64 std::_Tree<std::_Tmap_traits<void *, CUartProtocol *, std::less<void *>, std::allocator<std::pair<void *const , CUartProtocol *>>, (bool)0>>::_Tree(std::less<void *> const &, const std::allocator<std::pair<void *const , CUartProtocol *>>&) [280]
                    80 std::_Tree_comp_alloc<std::_Tmap_traits<void *, CUartProtocol *, std::less<void *>, std::allocator<std::pair<void *const , CUartProtocol *>>, (bool)0>>::_Tree_comp_alloc(std::less<void *> const &, const std::allocator<std::pair<void *const , CUartProtocol *>>&) [subobject] [264]
                      88 std::_Tree_comp_alloc<std::_Tmap_traits<void *, CUartProtocol *, std::less<void *>, std::allocator<std::pair<void *const , CUartProtocol *>>, (bool)0>>::_Tree_comp_alloc(std::less<void *> const &, const std::allocator<std::pair<void *const , CUartProtocol *>>&) [256]
                        120 std::_Compressed_pair<std::less<void *>, std::_Compressed_pair<std::_Wrap_alloc<std::allocator<std::_Tree_node<std::pair<void *const , CUartProtocol *>, void *>>>, std::_Tree_val<std::_Tree_simple_types<std::pair<void *const , CUartProtocol *>>>, (bool)1>, (bool)1>::_Compressed_pair<std::less<void *> const &, std::_One_then_variadic_args_t, const std::allocator<std::pair<void *const , CUartProtocol *>>&>(std::_One_then_variadic_args_t, std::less<void *> const & &&, std::_One_then_variadic_args_t, const std::allocator<std::pair<void *const , CUartProtocol *>>& &&...) [48]
                          144 std::less<void *> const & && std::forward<std::less<void *> const &>(std::remove_reference<std::less<void *> const &>::type &) [0]
                          144 std::_One_then_variadic_args_t && std::forward<std::_One_then_variadic_args_t>(std::remove_reference<std::_One_then_variadic_args_t>::type &) [0]
                          144 const std::allocator<std::pair<void *const , CUartProtocol *>>& && std::forward<const std::allocator<std::pair<void *const , CUartProtocol *>>&>(std::remove_reference<const std::allocator<std::pair<void *const , CUartProtocol *>>&>::type &) [0]
                          144 std::_Compressed_pair<std::_Wrap_alloc<std::allocator<std::_Tree_node<std::pair<void *const , CUartProtocol *>, void *>>>, std::_Tree_val<std::_Tree_simple_types<std::pair<void *const , CUartProtocol *>>>, (bool)1>::_Compressed_pair<const std::allocator<std::pair<void *const , CUartProtocol *>>&, >(std::_One_then_variadic_args_t, const std::allocator<std::pair<void *const , CUartProtocol *>>& &&,  &&...) [24]
                            160 std::_Wrap_alloc<std::allocator<std::_Tree_node<std::pair<void *const , CUartProtocol *>, void *>>>::_Wrap_alloc<std::allocator<std::pair<void *const , CUartProtocol *>>>(std::allocator<std::pair<void *const , CUartProtocol *>> const &) [subobject] [8]
                              168 std::_Wrap_alloc<std::allocator<std::_Tree_node<std::pair<void *const , CUartProtocol *>, void *>>>::_Wrap_alloc<std::allocator<std::pair<void *const , CUartProtocol *>>>(std::allocator<std::pair<void *const , CUartProtocol *>> const &) [0]
                            160 const std::allocator<std::pair<void *const , CUartProtocol *>>& && std::forward<const std::allocator<std::pair<void *const , CUartProtocol *>>&>(std::remove_reference<const std::allocator<std::pair<void *const , CUartProtocol *>>&>::type &) [0] ***
                            160 std::_Tree_val<std::_Tree_simple_types<std::pair<void *const , CUartProtocol *>>>::_Tree_val() [0]
                        120 std::_Tree_comp_alloc<std::_Tmap_traits<void *, CUartProtocol *, std::less<void *>, std::allocator<std::pair<void *const , CUartProtocol *>>, (bool)0>>::_Construct() [224]
                          136 std::_Tree_comp_alloc<std::_Tmap_traits<void *, CUartProtocol *, std::less<void *>, std::allocator<std::pair<void *const , CUartProtocol *>>, (bool)0>>::_Buyheadnode() [208]
                            152 std::_Tree_node<std::pair<void *const , CUartProtocol *>, void *> * * std::addressof<std::_Tree_node<std::pair<void *const , CUartProtocol *>, void *> *>(std::_Tree_node<std::pair<void *const , CUartProtocol *>, void *> * &) [8] ***
                            152 operator new (unsigned int, void *) [0] ***
                            152 std::_Wrap_alloc<std::allocator<std::_Tree_node<std::pair<void *const , CUartProtocol *>, void *>>>::allocate(unsigned int) [192] ***
                            152 std::_Tree_comp_alloc<std::_Tmap_traits<void *, CUartProtocol *, std::less<void *>, std::allocator<std::pair<void *const , CUartProtocol *>>, (bool)0>>::_Color(std::_Tree_node<std::pair<void *const , CUartProtocol *>, void *> *) [8] ***
                            152 std::_Tree_comp_alloc<std::_Tmap_traits<void *, CUartProtocol *, std::less<void *>, std::allocator<std::pair<void *const , CUartProtocol *>>, (bool)0>>::_Isnil(std::_Tree_node<std::pair<void *const , CUartProtocol *>, void *> *) [8] ***
                            152 std::_Tree_comp_alloc<std::_Tmap_traits<void *, CUartProtocol *, std::less<void *>, std::allocator<std::pair<void *const , CUartProtocol *>>, (bool)0>>::_Left(std::_Tree_node<std::pair<void *const , CUartProtocol *>, void *> *) [8] ***
                            152 std::_Tree_comp_alloc<std::_Tmap_traits<void *, CUartProtocol *, std::less<void *>, std::allocator<std::pair<void *const , CUartProtocol *>>, (bool)0>>::_Parent(std::_Tree_node<std::pair<void *const , CUartProtocol *>, void *> *) [8] ***
                            152 std::_Tree_comp_alloc<std::_Tmap_traits<void *, CUartProtocol *, std::less<void *>, std::allocator<std::pair<void *const , CUartProtocol *>>, (bool)0>>::_Right(std::_Tree_node<std::pair<void *const , CUartProtocol *>, void *> *) [8] ***
                            152 std::_Tree_comp_alloc<std::_Tmap_traits<void *, CUartProtocol *, std::less<void *>, std::allocator<std::pair<void *const , CUartProtocol *>>, (bool)0>>::_Getal() [8] ***
                          136 std::_Tree_comp_alloc<std::_Tmap_traits<void *, CUartProtocol *, std::less<void *>, std::allocator<std::pair<void *const , CUartProtocol *>>, (bool)0>>::_Myhead() [16] ***
            32 __sti__routine (CUdpProtocol.o) [312]
              40 std::map<void *, CUdpProtocol *, std::less<void *>, std::allocator<std::pair<void *const , CUdpProtocol *>>>::map() [304]
                56 std::_Tree<std::_Tmap_traits<void *, CUdpProtocol *, std::less<void *>, std::allocator<std::pair<void *const , CUdpProtocol *>>, (bool)0>>::_Tree(std::less<void *> const &, const std::allocator<std::pair<void *const , CUdpProtocol *>>&) [subobject] [288]
                  64 std::_Tree<std::_Tmap_traits<void *, CUdpProtocol *, std::less<void *>, std::allocator<std::pair<void *const , CUdpProtocol *>>, (bool)0>>::_Tree(std::less<void *> const &, const std::allocator<std::pair<void *const , CUdpProtocol *>>&) [280]
                    80 std::_Tree_comp_alloc<std::_Tmap_traits<void *, CUdpProtocol *, std::less<void *>, std::allocator<std::pair<void *const , CUdpProtocol *>>, (bool)0>>::_Tree_comp_alloc(std::less<void *> const &, const std::allocator<std::pair<void *const , CUdpProtocol *>>&) [subobject] [264]
                      88 std::_Tree_comp_alloc<std::_Tmap_traits<void *, CUdpProtocol *, std::less<void *>, std::allocator<std::pair<void *const , CUdpProtocol *>>, (bool)0>>::_Tree_comp_alloc(std::less<void *> const &, const std::allocator<std::pair<void *const , CUdpProtocol *>>&) [256]
                        120 std::_Compressed_pair<std::less<void *>, std::_Compressed_pair<std::_Wrap_alloc<std::allocator<std::_Tree_node<std::pair<void *const , CUdpProtocol *>, void *>>>, std::_Tree_val<std::_Tree_simple_types<std::pair<void *const , CUdpProtocol *>>>, (bool)1>, (bool)1>::_Compressed_pair<std::less<void *> const &, std::_One_then_variadic_args_t, const std::allocator<std::pair<void *const , CUdpProtocol *>>&>(std::_One_then_variadic_args_t, std::less<void *> const & &&, std::_One_then_variadic_args_t, const std::allocator<std::pair<void *const , CUdpProtocol *>>& &&...) [48]
                          144 std::less<void *> const & && std::forward<std::less<void *> const &>(std::remove_reference<std::less<void *> const &>::type &) [0] ***
                          144 std::_One_then_variadic_args_t && std::forward<std::_One_then_variadic_args_t>(std::remove_reference<std::_One_then_variadic_args_t>::type &) [0] ***
                          144 const std::allocator<std::pair<void *const , CUdpProtocol *>>& && std::forward<const std::allocator<std::pair<void *const , CUdpProtocol *>>&>(std::remove_reference<const std::allocator<std::pair<void *const , CUdpProtocol *>>&>::type &) [0]
                          144 std::_Compressed_pair<std::_Wrap_alloc<std::allocator<std::_Tree_node<std::pair<void *const , CUdpProtocol *>, void *>>>, std::_Tree_val<std::_Tree_simple_types<std::pair<void *const , CUdpProtocol *>>>, (bool)1>::_Compressed_pair<const std::allocator<std::pair<void *const , CUdpProtocol *>>&, >(std::_One_then_variadic_args_t, const std::allocator<std::pair<void *const , CUdpProtocol *>>& &&,  &&...) [24]
                            160 std::_Wrap_alloc<std::allocator<std::_Tree_node<std::pair<void *const , CUdpProtocol *>, void *>>>::_Wrap_alloc<std::allocator<std::pair<void *const , CUdpProtocol *>>>(std::allocator<std::pair<void *const , CUdpProtocol *>> const &) [subobject] [8]
                              168 std::_Wrap_alloc<std::allocator<std::_Tree_node<std::pair<void *const , CUdpProtocol *>, void *>>>::_Wrap_alloc<std::allocator<std::pair<void *const , CUdpProtocol *>>>(std::allocator<std::pair<void *const , CUdpProtocol *>> const &) [0]
                            160 const std::allocator<std::pair<void *const , CUdpProtocol *>>& && std::forward<const std::allocator<std::pair<void *const , CUdpProtocol *>>&>(std::remove_reference<const std::allocator<std::pair<void *const , CUdpProtocol *>>&>::type &) [0] ***
                            160 std::_Tree_val<std::_Tree_simple_types<std::pair<void *const , CUdpProtocol *>>>::_Tree_val() [0]
                        120 std::_Tree_comp_alloc<std::_Tmap_traits<void *, CUdpProtocol *, std::less<void *>, std::allocator<std::pair<void *const , CUdpProtocol *>>, (bool)0>>::_Construct() [224]
                          136 std::_Tree_comp_alloc<std::_Tmap_traits<void *, CUdpProtocol *, std::less<void *>, std::allocator<std::pair<void *const , CUdpProtocol *>>, (bool)0>>::_Buyheadnode() [208]
                            152 std::_Tree_node<std::pair<void *const , CUdpProtocol *>, void *> * * std::addressof<std::_Tree_node<std::pair<void *const , CUdpProtocol *>, void *> *>(std::_Tree_node<std::pair<void *const , CUdpProtocol *>, void *> * &) [8]
                              160 std::_Tree_node<std::pair<void *const , CUdpProtocol *>, void *> * * std::_Addressof<std::_Tree_node<std::pair<void *const , CUdpProtocol *>, void *> *>(std::_Tree_node<std::pair<void *const , CUdpProtocol *>, void *> * &, std::integral_constant<bool, (bool)0>) [0]
                            152 operator new (unsigned int, void *) [0] ***
                            152 std::_Wrap_alloc<std::allocator<std::_Tree_node<std::pair<void *const , CUdpProtocol *>, void *>>>::allocate(unsigned int) [192]
                              168 std::allocator<std::_Tree_node<std::pair<void *const , CUdpProtocol *>, void *>>::allocate(unsigned int) [176]
                                184 std::_Tree_node<std::pair<void *const , CUdpProtocol *>, void *> * std::_Allocate<std::_Tree_node<std::pair<void *const , CUdpProtocol *>, void *>>(unsigned int, std::_Tree_node<std::pair<void *const , CUdpProtocol *>, void *> *, bool) [160]
                                  208 operator new (unsigned int) [136] ***
                                  208 abort [8] ***
                            152 std::_Tree_comp_alloc<std::_Tmap_traits<void *, CUdpProtocol *, std::less<void *>, std::allocator<std::pair<void *const , CUdpProtocol *>>, (bool)0>>::_Color(std::_Tree_node<std::pair<void *const , CUdpProtocol *>, void *> *) [8]
                              160 std::_Tree_val<std::_Tree_simple_types<std::pair<void *const , CUdpProtocol *>>>::_Color(std::_Tree_node<std::pair<void *const , CUdpProtocol *>, void *> *) [0]
                            152 std::_Tree_comp_alloc<std::_Tmap_traits<void *, CUdpProtocol *, std::less<void *>, std::allocator<std::pair<void *const , CUdpProtocol *>>, (bool)0>>::_Isnil(std::_Tree_node<std::pair<void *const , CUdpProtocol *>, void *> *) [8]
                              160 std::_Tree_val<std::_Tree_simple_types<std::pair<void *const , CUdpProtocol *>>>::_Isnil(std::_Tree_node<std::pair<void *const , CUdpProtocol *>, void *> *) [0]
                            152 std::_Tree_comp_alloc<std::_Tmap_traits<void *, CUdpProtocol *, std::less<void *>, std::allocator<std::pair<void *const , CUdpProtocol *>>, (bool)0>>::_Left(std::_Tree_node<std::pair<void *const , CUdpProtocol *>, void *> *) [8]
                              160 std::_Tree_val<std::_Tree_simple_types<std::pair<void *const , CUdpProtocol *>>>::_Left(std::_Tree_node<std::pair<void *const , CUdpProtocol *>, void *> *) [0]
                            152 std::_Tree_comp_alloc<std::_Tmap_traits<void *, CUdpProtocol *, std::less<void *>, std::allocator<std::pair<void *const , CUdpProtocol *>>, (bool)0>>::_Parent(std::_Tree_node<std::pair<void *const , CUdpProtocol *>, void *> *) [8]
                              160 std::_Tree_val<std::_Tree_simple_types<std::pair<void *const , CUdpProtocol *>>>::_Parent(std::_Tree_node<std::pair<void *const , CUdpProtocol *>, void *> *) [0]
                            152 std::_Tree_comp_alloc<std::_Tmap_traits<void *, CUdpProtocol *, std::less<void *>, std::allocator<std::pair<void *const , CUdpProtocol *>>, (bool)0>>::_Right(std::_Tree_node<std::pair<void *const , CUdpProtocol *>, void *> *) [8]
                              160 std::_Tree_val<std::_Tree_simple_types<std::pair<void *const , CUdpProtocol *>>>::_Right(std::_Tree_node<std::pair<void *const , CUdpProtocol *>, void *> *) [0]
                            152 std::_Tree_comp_alloc<std::_Tmap_traits<void *, CUdpProtocol *, std::less<void *>, std::allocator<std::pair<void *const , CUdpProtocol *>>, (bool)0>>::_Getal() [8]
                              160 std::_Compressed_pair<std::_Wrap_alloc<std::allocator<std::_Tree_node<std::pair<void *const , CUdpProtocol *>, void *>>>, std::_Tree_val<std::_Tree_simple_types<std::pair<void *const , CUdpProtocol *>>>, (bool)1>::_Get_first() [0]
                              160 std::_Compressed_pair<std::less<void *>, std::_Compressed_pair<std::_Wrap_alloc<std::allocator<std::_Tree_node<std::pair<void *const , CUdpProtocol *>, void *>>>, std::_Tree_val<std::_Tree_simple_types<std::pair<void *const , CUdpProtocol *>>>, (bool)1>, (bool)1>::_Get_second() [0]
                          136 std::_Tree_comp_alloc<std::_Tmap_traits<void *, CUdpProtocol *, std::less<void *>, std::allocator<std::pair<void *const , CUdpProtocol *>>, (bool)0>>::_Myhead() [16]
                            144 std::_Tree_comp_alloc<std::_Tmap_traits<void *, CUdpProtocol *, std::less<void *>, std::allocator<std::pair<void *const , CUdpProtocol *>>, (bool)0>>::_Get_data() [8]
                              152 std::_Compressed_pair<std::_Wrap_alloc<std::allocator<std::_Tree_node<std::pair<void *const , CUdpProtocol *>, void *>>>, std::_Tree_val<std::_Tree_simple_types<std::pair<void *const , CUdpProtocol *>>>, (bool)1>::_Get_second() [0]
                              152 std::_Compressed_pair<std::less<void *>, std::_Compressed_pair<std::_Wrap_alloc<std::allocator<std::_Tree_node<std::pair<void *const , CUdpProtocol *>, void *>>>, std::_Tree_val<std::_Tree_simple_types<std::pair<void *const , CUdpProtocol *>>>, (bool)1>, (bool)1>::_Get_second() [0] ***
      0 __low_level_init [0]
      0 main [---]
        16 Dprintf [360] ***
        16 Driver_MCU_Init [40]
          32 NVIC_PriorityGroupConfig [0]
          32 RCC_AHB1PeriphClockCmd [0] ***
          32 RCC_DeInit [0]
          32 RCC_GetFlagStatus [8]
            40 - [0]
          32 RCC_GetSYSCLKSource [0]
          32 RCC_HCLKConfig [0]
          32 RCC_HSEConfig [0]
          32 RCC_HSICmd [0]
          32 RCC_PCLK1Config [0]
          32 RCC_PCLK2Config [0]
          32 RCC_PLLCmd [0]
          32 RCC_PLLConfig [12]
            44 - [0]
          32 RCC_SYSCLKConfig [0]
          32 RCC_WaitForHSEStartUp [24]
            48 RCC_GetFlagStatus [8] ***
        16 LED_Init [32]
          32 GPIO_Init [16] ***
          32 GPIO_ResetBits [0]
          32 RCC_AHB1PeriphClockCmd [0] ***
        16 NVIC_PriorityGroupConfig [0] ***
        16 delay_init [8]
          24 SysTick_CLKSourceConfig [0]
        16 uart_init [400]
          56 Dprintf [360] ***
          56 GPIO_Init [16] ***
          56 GPIO_PinAFConfig [20] ***
          56 NVIC_Init [16] ***
          56 RCC_AHB1PeriphClockCmd [0] ***
          56 RCC_APB2PeriphClockCmd [0]
          56 USART_ClearFlag [0] ***
          56 USART_Cmd [0] ***
          56 USART_DeInit [8] ***
          56 USART_ITConfig [24] ***
          56 USART_Init [92] ***
        16 vTaskStartScheduler [---]
          32 xTaskCreate [120] ***
          32 xPortStartScheduler [---]
            48 vPortEnableVFP [---] (no info)
            48 vPortSetupTimerInterrupt [0]
            48 vPortStartFirstTask [---] (no info)
          32 xTimerCreateTimerTask [136]
            48 prvCheckForValidListAndQueue (timers.o) [104]
              56 vListInitialise [0] ***
              56 vPortEnterCritical [0] ***
              56 vPortExitCritical [0] ***
              56 vQueueAddToRegistry [0]
              56 xQueueGenericCreate [96]
                88 prvInitialiseNewQueue (queue.o) [56]
                  112 xQueueGenericReset [32]
                    128 vListInitialise [0] ***
                    128 vPortEnterCritical [0] ***
                    128 vPortExitCritical [0] ***
                    128 xTaskRemoveFromEventList [16] ***
                88 pvPortMalloc [64] ***
            48 xTaskCreate [120] ***
        16 xTaskCreate [120] ***
      0 exit [8]
        0 _exit [8]
          0 __exit [8] ***
    0 __iar_init_vfp [0]


